[2026-07-07T09:05:08.666+0000] {local_task_job_runner.py:120} INFO - ::group::Pre task execution logs
[2026-07-07T09:05:08.685+0000] {taskinstance.py:2076} INFO - Dependencies all met for dep_context=non-requeueable deps ti=<TaskInstance: taux_change_frankfurter.extract scheduled__2026-07-05T17:00:00+00:00 map_index=0 [queued]>
[2026-07-07T09:05:08.689+0000] {taskinstance.py:2076} INFO - Dependencies all met for dep_context=requeueable deps ti=<TaskInstance: taux_change_frankfurter.extract scheduled__2026-07-05T17:00:00+00:00 map_index=0 [queued]>
[2026-07-07T09:05:08.689+0000] {taskinstance.py:2306} INFO - Starting attempt 2 of 4
[2026-07-07T09:05:08.693+0000] {taskinstance.py:2330} INFO - Executing <Mapped(_PythonDecoratedOperator): extract> on 2026-07-05 17:00:00+00:00
[2026-07-07T09:05:08.696+0000] {standard_task_runner.py:64} INFO - Started process 200 to run task
[2026-07-07T09:05:08.698+0000] {standard_task_runner.py:90} INFO - Running: ['***', 'tasks', 'run', 'taux_change_frankfurter', 'extract', 'scheduled__2026-07-05T17:00:00+00:00', '--job-id', '7', '--raw', '--subdir', 'DAGS_FOLDER/dag_taux_change.py', '--cfg-path', '/tmp/tmp35y9qsy0', '--map-index', '0']
[2026-07-07T09:05:08.698+0000] {standard_task_runner.py:91} INFO - Job 7: Subtask extract
[2026-07-07T09:05:08.742+0000] {task_command.py:426} INFO - Running <TaskInstance: taux_change_frankfurter.extract scheduled__2026-07-05T17:00:00+00:00 map_index=0 [running]> on host c5c2cdf8e74c
[2026-07-07T09:05:08.872+0000] {taskinstance.py:2905} ERROR - Task failed with exception
Traceback (most recent call last):
  File "/home/airflow/.local/lib/python3.11/site-packages/airflow/models/taskinstance.py", line 2479, in _run_raw_task
    self._execute_task_with_callbacks(context, test_mode, session=session)
  File "/home/airflow/.local/lib/python3.11/site-packages/airflow/models/taskinstance.py", line 2633, in _execute_task_with_callbacks
    task_orig = self.render_templates(context=context, jinja_env=jinja_env)
                ^^^^^^^^^^^^^^^^^^^^^^^^^^^^^^^^^^^^^^^^^^^^^^^^^^^^^^^^^^^
  File "/home/airflow/.local/lib/python3.11/site-packages/airflow/models/taskinstance.py", line 3094, in render_templates
    original_task.render_template_fields(context, jinja_env)
  File "/home/airflow/.local/lib/python3.11/site-packages/airflow/models/mappedoperator.py", line 830, in render_template_fields
    unmapped_task = self.unmap(mapped_kwargs)
                    ^^^^^^^^^^^^^^^^^^^^^^^^^
  File "/home/airflow/.local/lib/python3.11/site-packages/airflow/models/mappedoperator.py", line 747, in unmap
    op = self.operator_class(**kwargs, _airflow_from_mapped=True)
         ^^^^^^^^^^^^^^^^^^^^^^^^^^^^^^^^^^^^^^^^^^^^^^^^^^^^^^^^
  File "/home/airflow/.local/lib/python3.11/site-packages/airflow/models/baseoperator.py", line 485, in apply_defaults
    result = func(self, **kwargs, default_args=default_args)
             ^^^^^^^^^^^^^^^^^^^^^^^^^^^^^^^^^^^^^^^^^^^^^^^
  File "/home/airflow/.local/lib/python3.11/site-packages/airflow/decorators/python.py", line 52, in __init__
    super().__init__(
  File "/home/airflow/.local/lib/python3.11/site-packages/airflow/models/baseoperator.py", line 485, in apply_defaults
    result = func(self, **kwargs, default_args=default_args)
             ^^^^^^^^^^^^^^^^^^^^^^^^^^^^^^^^^^^^^^^^^^^^^^^
  File "/home/airflow/.local/lib/python3.11/site-packages/airflow/decorators/base.py", line 220, in __init__
    raise ValueError(message)
ValueError: Context key parameter execution_date can't have a default other than None
[2026-07-07T09:05:08.877+0000] {taskinstance.py:2953} ERROR - Unable to unmap task to determine if we need to send an alert email
[2026-07-07T09:05:08.878+0000] {taskinstance.py:1206} INFO - Marking task as UP_FOR_RETRY. dag_id=taux_change_frankfurter, task_id=extract, run_id=scheduled__2026-07-05T17:00:00+00:00, map_index=0, execution_date=20260705T170000, start_date=20260707T090508, end_date=20260707T090508
[2026-07-07T09:05:08.881+0000] {standard_task_runner.py:110} ERROR - Failed to execute job 7 for task extract (Context key parameter execution_date can't have a default other than None; 200)
[2026-07-07T09:05:08.919+0000] {local_task_job_runner.py:243} INFO - Task exited with return code 1
[2026-07-07T09:05:08.934+0000] {taskinstance.py:3503} INFO - 0 downstream tasks scheduled from follow-on schedule check
[2026-07-07T09:05:08.935+0000] {local_task_job_runner.py:222} INFO - ::endgroup::
