[2026-07-07T09:30:14.605+0000] {local_task_job_runner.py:120} INFO - ::group::Pre task execution logs
[2026-07-07T09:30:14.620+0000] {taskinstance.py:2076} INFO - Dependencies all met for dep_context=non-requeueable deps ti=<TaskInstance: taux_change_frankfurter.extract manual__2026-07-07T09:24:11.329480+00:00 map_index=1 [queued]>
[2026-07-07T09:30:14.623+0000] {taskinstance.py:2076} INFO - Dependencies all met for dep_context=requeueable deps ti=<TaskInstance: taux_change_frankfurter.extract manual__2026-07-07T09:24:11.329480+00:00 map_index=1 [queued]>
[2026-07-07T09:30:14.623+0000] {taskinstance.py:2306} INFO - Starting attempt 4 of 4
[2026-07-07T09:30:14.627+0000] {taskinstance.py:2330} INFO - Executing <Mapped(_PythonDecoratedOperator): extract> on 2026-07-07 09:24:11.329480+00:00
[2026-07-07T09:30:14.629+0000] {standard_task_runner.py:64} INFO - Started process 486 to run task
[2026-07-07T09:30:14.633+0000] {standard_task_runner.py:90} INFO - Running: ['***', 'tasks', 'run', 'taux_change_frankfurter', 'extract', 'manual__2026-07-07T09:24:11.329480+00:00', '--job-id', '25', '--raw', '--subdir', 'DAGS_FOLDER/dag_taux_change.py', '--cfg-path', '/tmp/tmpngm45pev', '--map-index', '1']
[2026-07-07T09:30:14.635+0000] {standard_task_runner.py:91} INFO - Job 25: Subtask extract
[2026-07-07T09:30:14.660+0000] {task_command.py:426} INFO - Running <TaskInstance: taux_change_frankfurter.extract manual__2026-07-07T09:24:11.329480+00:00 map_index=1 [running]> on host c5c2cdf8e74c
[2026-07-07T09:30:14.844+0000] {taskinstance.py:2648} INFO - Exporting env vars: AIRFLOW_CTX_DAG_OWNER='assia' AIRFLOW_CTX_DAG_ID='taux_change_frankfurter' AIRFLOW_CTX_TASK_ID='extract' AIRFLOW_CTX_EXECUTION_DATE='2026-07-07T09:24:11.329480+00:00' AIRFLOW_CTX_TRY_NUMBER='4' AIRFLOW_CTX_DAG_RUN_ID='manual__2026-07-07T09:24:11.329480+00:00'
[2026-07-07T09:30:14.845+0000] {taskinstance.py:430} INFO - ::endgroup::
[2026-07-07T09:30:14.846+0000] {taskinstance.py:441} INFO - ::group::Post task execution logs
[2026-07-07T09:30:14.846+0000] {taskinstance.py:2905} ERROR - Task failed with exception
Traceback (most recent call last):
  File "/home/airflow/.local/lib/python3.11/site-packages/airflow/models/taskinstance.py", line 460, in _execute_task
    result = _execute_callable(context=context, **execute_callable_kwargs)
             ^^^^^^^^^^^^^^^^^^^^^^^^^^^^^^^^^^^^^^^^^^^^^^^^^^^^^^^^^^^^^
  File "/home/airflow/.local/lib/python3.11/site-packages/airflow/models/taskinstance.py", line 432, in _execute_callable
    return execute_callable(context=context, **execute_callable_kwargs)
           ^^^^^^^^^^^^^^^^^^^^^^^^^^^^^^^^^^^^^^^^^^^^^^^^^^^^^^^^^^^^
  File "/home/airflow/.local/lib/python3.11/site-packages/airflow/models/baseoperator.py", line 401, in wrapper
    return func(self, *args, **kwargs)
           ^^^^^^^^^^^^^^^^^^^^^^^^^^^
  File "/home/airflow/.local/lib/python3.11/site-packages/airflow/decorators/base.py", line 265, in execute
    return_value = super().execute(context)
                   ^^^^^^^^^^^^^^^^^^^^^^^^
  File "/home/airflow/.local/lib/python3.11/site-packages/airflow/models/baseoperator.py", line 401, in wrapper
    return func(self, *args, **kwargs)
           ^^^^^^^^^^^^^^^^^^^^^^^^^^^
  File "/home/airflow/.local/lib/python3.11/site-packages/airflow/operators/python.py", line 235, in execute
    return_value = self.execute_callable()
                   ^^^^^^^^^^^^^^^^^^^^^^^
  File "/home/airflow/.local/lib/python3.11/site-packages/airflow/operators/python.py", line 252, in execute_callable
    return self.python_callable(*self.op_args, **self.op_kwargs)
           ^^^^^^^^^^^^^^^^^^^^^^^^^^^^^^^^^^^^^^^^^^^^^^^^^^^^^
  File "/opt/airflow/dags/dag_taux_change.py", line 36, in extract
    from scripts.common import db
ModuleNotFoundError: No module named 'scripts.common'
[2026-07-07T09:30:14.851+0000] {taskinstance.py:1206} INFO - Marking task as FAILED. dag_id=taux_change_frankfurter, task_id=extract, run_id=manual__2026-07-07T09:24:11.329480+00:00, map_index=1, execution_date=20260707T092411, start_date=20260707T093014, end_date=20260707T093014
[2026-07-07T09:30:14.855+0000] {standard_task_runner.py:110} ERROR - Failed to execute job 25 for task extract (No module named 'scripts.common'; 486)
[2026-07-07T09:30:14.866+0000] {local_task_job_runner.py:243} INFO - Task exited with return code 1
[2026-07-07T09:30:14.877+0000] {taskinstance.py:3503} INFO - 0 downstream tasks scheduled from follow-on schedule check
[2026-07-07T09:30:14.878+0000] {local_task_job_runner.py:222} INFO - ::endgroup::
