[2026-07-07T10:12:18.913+0000] {local_task_job_runner.py:120} INFO - ::group::Pre task execution logs
[2026-07-07T10:12:18.935+0000] {taskinstance.py:2076} INFO - Dependencies all met for dep_context=non-requeueable deps ti=<TaskInstance: taux_change_frankfurter.load_to_gold manual__2026-07-07T10:12:16.099982+00:00 map_index=2 [queued]>
[2026-07-07T10:12:18.942+0000] {taskinstance.py:2076} INFO - Dependencies all met for dep_context=requeueable deps ti=<TaskInstance: taux_change_frankfurter.load_to_gold manual__2026-07-07T10:12:16.099982+00:00 map_index=2 [queued]>
[2026-07-07T10:12:18.945+0000] {taskinstance.py:2306} INFO - Starting attempt 1 of 4
[2026-07-07T10:12:18.956+0000] {taskinstance.py:2330} INFO - Executing <Mapped(_PythonDecoratedOperator): load_to_gold> on 2026-07-07 10:12:16.099982+00:00
[2026-07-07T10:12:18.962+0000] {standard_task_runner.py:64} INFO - Started process 394 to run task
[2026-07-07T10:12:18.967+0000] {standard_task_runner.py:90} INFO - Running: ['***', 'tasks', 'run', 'taux_change_frankfurter', 'load_to_gold', 'manual__2026-07-07T10:12:16.099982+00:00', '--job-id', '60', '--raw', '--subdir', 'DAGS_FOLDER/dag_taux_change.py', '--cfg-path', '/tmp/tmpt65j1c6w', '--map-index', '2']
[2026-07-07T10:12:18.969+0000] {standard_task_runner.py:91} INFO - Job 60: Subtask load_to_gold
[2026-07-07T10:12:19.011+0000] {task_command.py:426} INFO - Running <TaskInstance: taux_change_frankfurter.load_to_gold manual__2026-07-07T10:12:16.099982+00:00 map_index=2 [running]> on host 1b4c2f832a13
[2026-07-07T10:12:19.306+0000] {taskinstance.py:2648} INFO - Exporting env vars: AIRFLOW_CTX_DAG_OWNER='assia' AIRFLOW_CTX_DAG_ID='taux_change_frankfurter' AIRFLOW_CTX_TASK_ID='load_to_gold' AIRFLOW_CTX_EXECUTION_DATE='2026-07-07T10:12:16.099982+00:00' AIRFLOW_CTX_TRY_NUMBER='1' AIRFLOW_CTX_DAG_RUN_ID='manual__2026-07-07T10:12:16.099982+00:00'
[2026-07-07T10:12:19.307+0000] {taskinstance.py:430} INFO - ::endgroup::
[2026-07-07T10:12:19.471+0000] {python.py:237} INFO - Done. Returned value was: None
[2026-07-07T10:12:19.471+0000] {taskinstance.py:441} INFO - ::group::Post task execution logs
[2026-07-07T10:12:19.482+0000] {taskinstance.py:1206} INFO - Marking task as SUCCESS. dag_id=taux_change_frankfurter, task_id=load_to_gold, run_id=manual__2026-07-07T10:12:16.099982+00:00, map_index=2, execution_date=20260707T101216, start_date=20260707T101218, end_date=20260707T101219
[2026-07-07T10:12:19.516+0000] {local_task_job_runner.py:243} INFO - Task exited with return code 0
[2026-07-07T10:12:19.523+0000] {local_task_job_runner.py:222} INFO - ::endgroup::
[2026-07-07T10:32:54.584+0000] {local_task_job_runner.py:120} INFO - ::group::Pre task execution logs
[2026-07-07T10:32:54.630+0000] {taskinstance.py:2076} INFO - Dependencies all met for dep_context=non-requeueable deps ti=<TaskInstance: taux_change_frankfurter.load_to_gold manual__2026-07-07T10:12:16.099982+00:00 map_index=2 [queued]>
[2026-07-07T10:32:54.639+0000] {taskinstance.py:2076} INFO - Dependencies all met for dep_context=requeueable deps ti=<TaskInstance: taux_change_frankfurter.load_to_gold manual__2026-07-07T10:12:16.099982+00:00 map_index=2 [queued]>
[2026-07-07T10:32:54.640+0000] {taskinstance.py:2306} INFO - Starting attempt 1 of 4
[2026-07-07T10:32:54.731+0000] {taskinstance.py:2330} INFO - Executing <Mapped(_PythonDecoratedOperator): load_to_gold> on 2026-07-07 10:12:16.099982+00:00
[2026-07-07T10:32:54.747+0000] {standard_task_runner.py:64} INFO - Started process 728 to run task
[2026-07-07T10:32:54.772+0000] {standard_task_runner.py:90} INFO - Running: ['***', 'tasks', 'run', 'taux_change_frankfurter', 'load_to_gold', 'manual__2026-07-07T10:12:16.099982+00:00', '--job-id', '119', '--raw', '--subdir', 'DAGS_FOLDER/dag_taux_change.py', '--cfg-path', '/tmp/tmpuh65lgc2', '--map-index', '2']
[2026-07-07T10:32:54.781+0000] {standard_task_runner.py:91} INFO - Job 119: Subtask load_to_gold
[2026-07-07T10:32:54.891+0000] {task_command.py:426} INFO - Running <TaskInstance: taux_change_frankfurter.load_to_gold manual__2026-07-07T10:12:16.099982+00:00 map_index=2 [running]> on host 1b4c2f832a13
[2026-07-07T10:32:56.067+0000] {taskinstance.py:2648} INFO - Exporting env vars: AIRFLOW_CTX_DAG_OWNER='assia' AIRFLOW_CTX_DAG_ID='taux_change_frankfurter' AIRFLOW_CTX_TASK_ID='load_to_gold' AIRFLOW_CTX_EXECUTION_DATE='2026-07-07T10:12:16.099982+00:00' AIRFLOW_CTX_TRY_NUMBER='1' AIRFLOW_CTX_DAG_RUN_ID='manual__2026-07-07T10:12:16.099982+00:00'
[2026-07-07T10:32:56.069+0000] {taskinstance.py:430} INFO - ::endgroup::
[2026-07-07T10:32:56.422+0000] {python.py:237} INFO - Done. Returned value was: None
[2026-07-07T10:32:56.423+0000] {taskinstance.py:441} INFO - ::group::Post task execution logs
[2026-07-07T10:32:56.436+0000] {taskinstance.py:1206} INFO - Marking task as SUCCESS. dag_id=taux_change_frankfurter, task_id=load_to_gold, run_id=manual__2026-07-07T10:12:16.099982+00:00, map_index=2, execution_date=20260707T101216, start_date=20260707T103254, end_date=20260707T103256
[2026-07-07T10:32:56.499+0000] {local_task_job_runner.py:243} INFO - Task exited with return code 0
[2026-07-07T10:32:56.541+0000] {taskinstance.py:3503} INFO - 0 downstream tasks scheduled from follow-on schedule check
[2026-07-07T10:32:56.542+0000] {local_task_job_runner.py:222} INFO - ::endgroup::
