[2026-07-07T10:27:57.271+0000] {local_task_job_runner.py:120} INFO - ::group::Pre task execution logs
[2026-07-07T10:27:57.290+0000] {taskinstance.py:2076} INFO - Dependencies all met for dep_context=non-requeueable deps ti=<TaskInstance: taux_change_frankfurter.load_to_gold scheduled__2026-07-05T17:00:00+00:00 map_index=1 [queued]>
[2026-07-07T10:27:57.295+0000] {taskinstance.py:2076} INFO - Dependencies all met for dep_context=requeueable deps ti=<TaskInstance: taux_change_frankfurter.load_to_gold scheduled__2026-07-05T17:00:00+00:00 map_index=1 [queued]>
[2026-07-07T10:27:57.295+0000] {taskinstance.py:2306} INFO - Starting attempt 1 of 4
[2026-07-07T10:27:57.300+0000] {taskinstance.py:2330} INFO - Executing <Mapped(_PythonDecoratedOperator): load_to_gold> on 2026-07-05 17:00:00+00:00
[2026-07-07T10:27:57.303+0000] {standard_task_runner.py:64} INFO - Started process 650 to run task
[2026-07-07T10:27:57.305+0000] {standard_task_runner.py:90} INFO - Running: ['***', 'tasks', 'run', 'taux_change_frankfurter', 'load_to_gold', 'scheduled__2026-07-05T17:00:00+00:00', '--job-id', '108', '--raw', '--subdir', 'DAGS_FOLDER/dag_taux_change.py', '--cfg-path', '/tmp/tmpc6ry83mk', '--map-index', '1']
[2026-07-07T10:27:57.305+0000] {standard_task_runner.py:91} INFO - Job 108: Subtask load_to_gold
[2026-07-07T10:27:57.336+0000] {task_command.py:426} INFO - Running <TaskInstance: taux_change_frankfurter.load_to_gold scheduled__2026-07-05T17:00:00+00:00 map_index=1 [running]> on host 1b4c2f832a13
[2026-07-07T10:27:57.486+0000] {taskinstance.py:2648} INFO - Exporting env vars: AIRFLOW_CTX_DAG_OWNER='assia' AIRFLOW_CTX_DAG_ID='taux_change_frankfurter' AIRFLOW_CTX_TASK_ID='load_to_gold' AIRFLOW_CTX_EXECUTION_DATE='2026-07-05T17:00:00+00:00' AIRFLOW_CTX_TRY_NUMBER='1' AIRFLOW_CTX_DAG_RUN_ID='scheduled__2026-07-05T17:00:00+00:00'
[2026-07-07T10:27:57.487+0000] {taskinstance.py:430} INFO - ::endgroup::
[2026-07-07T10:27:57.569+0000] {taskinstance.py:441} INFO - ::group::Post task execution logs
[2026-07-07T10:27:57.569+0000] {taskinstance.py:2905} ERROR - Task failed with exception
Traceback (most recent call last):
  File "/home/airflow/.local/lib/python3.11/site-packages/airflow/models/taskinstance.py", line 460, in _execute_task
    result = _execute_callable(context=context, **execute_callable_kwargs)
             ^^^^^^^^^^^^^^^^^^^^^^^^^^^^^^^^^^^^^^^^^^^^^^^^^^^^^^^^^^^^^
  File "/home/airflow/.local/lib/python3.11/site-packages/airflow/models/taskinstance.py", line 432, in _execute_callable
    return execute_callable(context=context, **execute_callable_kwargs)
           ^^^^^^^^^^^^^^^^^^^^^^^^^^^^^^^^^^^^^^^^^^^^^^^^^^^^^^^^^^^^
  File "/home/airflow/.local/lib/python3.11/site-packages/airflow/models/baseoperator.py", line 401, in wrapper
    return func(self, *args, **kwargs)
           ^^^^^^^^^^^^^^^^^^^^^^^^^^^
  File "/home/airflow/.local/lib/python3.11/site-packages/airflow/decorators/base.py", line 265, in execute
    return_value = super().execute(context)
                   ^^^^^^^^^^^^^^^^^^^^^^^^
  File "/home/airflow/.local/lib/python3.11/site-packages/airflow/models/baseoperator.py", line 401, in wrapper
    return func(self, *args, **kwargs)
           ^^^^^^^^^^^^^^^^^^^^^^^^^^^
  File "/home/airflow/.local/lib/python3.11/site-packages/airflow/operators/python.py", line 235, in execute
    return_value = self.execute_callable()
                   ^^^^^^^^^^^^^^^^^^^^^^^
  File "/home/airflow/.local/lib/python3.11/site-packages/airflow/operators/python.py", line 252, in execute_callable
    return self.python_callable(*self.op_args, **self.op_kwargs)
           ^^^^^^^^^^^^^^^^^^^^^^^^^^^^^^^^^^^^^^^^^^^^^^^^^^^^^
  File "/opt/airflow/dags/dag_taux_change.py", line 64, in load_to_gold
    load(resultat["devise"], run_date)
  File "/opt/airflow/scripts/load/load_gold.py", line 54, in load
    id_date = _upsert_dim_date(conn, execution_date)
              ^^^^^^^^^^^^^^^^^^^^^^^^^^^^^^^^^^^^^^
  File "/opt/airflow/scripts/load/load_gold.py", line 16, in _upsert_dim_date
    cur.execute(
psycopg2.errors.UniqueViolation: duplicate key value violates unique constraint "dim_date_date_complete_key"
DETAIL:  Key (date_complete)=(2026-07-05) already exists.

[2026-07-07T10:27:57.575+0000] {taskinstance.py:1206} INFO - Marking task as UP_FOR_RETRY. dag_id=taux_change_frankfurter, task_id=load_to_gold, run_id=scheduled__2026-07-05T17:00:00+00:00, map_index=1, execution_date=20260705T170000, start_date=20260707T102757, end_date=20260707T102757
[2026-07-07T10:27:57.578+0000] {standard_task_runner.py:110} ERROR - Failed to execute job 108 for task load_to_gold (duplicate key value violates unique constraint "dim_date_date_complete_key"
DETAIL:  Key (date_complete)=(2026-07-05) already exists.
; 650)
[2026-07-07T10:27:57.610+0000] {local_task_job_runner.py:243} INFO - Task exited with return code 1
[2026-07-07T10:27:57.615+0000] {local_task_job_runner.py:222} INFO - ::endgroup::
