[2026-07-07T10:58:14.571+0000] {local_task_job_runner.py:120} INFO - ::group::Pre task execution logs
[2026-07-07T10:58:14.586+0000] {taskinstance.py:2076} INFO - Dependencies all met for dep_context=non-requeueable deps ti=<TaskInstance: taux_change_frankfurter.extract manual__2026-07-07T10:52:09.494880+00:00 map_index=0 [queued]>
[2026-07-07T10:58:14.589+0000] {taskinstance.py:2076} INFO - Dependencies all met for dep_context=requeueable deps ti=<TaskInstance: taux_change_frankfurter.extract manual__2026-07-07T10:52:09.494880+00:00 map_index=0 [queued]>
[2026-07-07T10:58:14.589+0000] {taskinstance.py:2306} INFO - Starting attempt 4 of 4
[2026-07-07T10:58:14.594+0000] {taskinstance.py:2330} INFO - Executing <Mapped(_PythonDecoratedOperator): extract> on 2026-07-07 10:52:09.494880+00:00
[2026-07-07T10:58:14.597+0000] {standard_task_runner.py:64} INFO - Started process 1121 to run task
[2026-07-07T10:58:14.599+0000] {standard_task_runner.py:90} INFO - Running: ['***', 'tasks', 'run', 'taux_change_frankfurter', 'extract', 'manual__2026-07-07T10:52:09.494880+00:00', '--job-id', '196', '--raw', '--subdir', 'DAGS_FOLDER/dag_taux_change.py', '--cfg-path', '/tmp/tmpt6zfqgml', '--map-index', '0']
[2026-07-07T10:58:14.600+0000] {standard_task_runner.py:91} INFO - Job 196: Subtask extract
[2026-07-07T10:58:14.631+0000] {task_command.py:426} INFO - Running <TaskInstance: taux_change_frankfurter.extract manual__2026-07-07T10:52:09.494880+00:00 map_index=0 [running]> on host 1b4c2f832a13
[2026-07-07T10:58:14.828+0000] {taskinstance.py:2648} INFO - Exporting env vars: AIRFLOW_CTX_DAG_OWNER='assia' AIRFLOW_CTX_DAG_ID='taux_change_frankfurter' AIRFLOW_CTX_TASK_ID='extract' AIRFLOW_CTX_EXECUTION_DATE='2026-07-07T10:52:09.494880+00:00' AIRFLOW_CTX_TRY_NUMBER='4' AIRFLOW_CTX_DAG_RUN_ID='manual__2026-07-07T10:52:09.494880+00:00'
[2026-07-07T10:58:14.828+0000] {taskinstance.py:430} INFO - ::endgroup::
[2026-07-07T10:58:14.936+0000] {logging_mixin.py:188} INFO - [extract] devise=USD date=2026-07-07 duree_ms=9
[2026-07-07T10:58:14.938+0000] {taskinstance.py:441} INFO - ::group::Post task execution logs
[2026-07-07T10:58:14.943+0000] {taskinstance.py:2905} ERROR - Task failed with exception
Traceback (most recent call last):
  File "/home/airflow/.local/lib/python3.11/site-packages/urllib3/connection.py", line 203, in _new_conn
    sock = connection.create_connection(
           ^^^^^^^^^^^^^^^^^^^^^^^^^^^^^
  File "/home/airflow/.local/lib/python3.11/site-packages/urllib3/util/connection.py", line 60, in create_connection
    for res in socket.getaddrinfo(host, port, family, socket.SOCK_STREAM):
               ^^^^^^^^^^^^^^^^^^^^^^^^^^^^^^^^^^^^^^^^^^^^^^^^^^^^^^^^^^
  File "/usr/local/lib/python3.11/socket.py", line 962, in getaddrinfo
    for res in _socket.getaddrinfo(host, port, family, type, proto, flags):
               ^^^^^^^^^^^^^^^^^^^^^^^^^^^^^^^^^^^^^^^^^^^^^^^^^^^^^^^^^^^
socket.gaierror: [Errno -2] Name or service not known

The above exception was the direct cause of the following exception:

Traceback (most recent call last):
  File "/home/airflow/.local/lib/python3.11/site-packages/urllib3/connectionpool.py", line 791, in urlopen
    response = self._make_request(
               ^^^^^^^^^^^^^^^^^^^
  File "/home/airflow/.local/lib/python3.11/site-packages/urllib3/connectionpool.py", line 492, in _make_request
    raise new_e
  File "/home/airflow/.local/lib/python3.11/site-packages/urllib3/connectionpool.py", line 468, in _make_request
    self._validate_conn(conn)
  File "/home/airflow/.local/lib/python3.11/site-packages/urllib3/connectionpool.py", line 1097, in _validate_conn
    conn.connect()
  File "/home/airflow/.local/lib/python3.11/site-packages/urllib3/connection.py", line 611, in connect
    self.sock = sock = self._new_conn()
                       ^^^^^^^^^^^^^^^^
  File "/home/airflow/.local/lib/python3.11/site-packages/urllib3/connection.py", line 210, in _new_conn
    raise NameResolutionError(self.host, self, e) from e
urllib3.exceptions.NameResolutionError: <urllib3.connection.HTTPSConnection object at 0xffff8d8454d0>: Failed to resolve 'api.frankfurter-invalide-test.dev' ([Errno -2] Name or service not known)

The above exception was the direct cause of the following exception:

Traceback (most recent call last):
  File "/home/airflow/.local/lib/python3.11/site-packages/requests/adapters.py", line 667, in send
    resp = conn.urlopen(
           ^^^^^^^^^^^^^
  File "/home/airflow/.local/lib/python3.11/site-packages/urllib3/connectionpool.py", line 845, in urlopen
    retries = retries.increment(
              ^^^^^^^^^^^^^^^^^^
  File "/home/airflow/.local/lib/python3.11/site-packages/urllib3/util/retry.py", line 515, in increment
    raise MaxRetryError(_pool, url, reason) from reason  # type: ignore[arg-type]
    ^^^^^^^^^^^^^^^^^^^^^^^^^^^^^^^^^^^^^^^^^^^^^^^^^^^
urllib3.exceptions.MaxRetryError: HTTPSConnectionPool(host='api.frankfurter-invalide-test.dev', port=443): Max retries exceeded with url: /v1/2026-07-07?base=EUR&symbols=USD (Caused by NameResolutionError("<urllib3.connection.HTTPSConnection object at 0xffff8d8454d0>: Failed to resolve 'api.frankfurter-invalide-test.dev' ([Errno -2] Name or service not known)"))

During handling of the above exception, another exception occurred:

Traceback (most recent call last):
  File "/opt/airflow/scripts/extract/extract_frankfurter.py", line 38, in extract_and_store
    payload = fetch_rate(devise, execution_date)
              ^^^^^^^^^^^^^^^^^^^^^^^^^^^^^^^^^^
  File "/opt/airflow/scripts/extract/extract_frankfurter.py", line 28, in fetch_rate
    resp = requests.get(url, params=params, timeout=timeout)
           ^^^^^^^^^^^^^^^^^^^^^^^^^^^^^^^^^^^^^^^^^^^^^^^^^
  File "/home/airflow/.local/lib/python3.11/site-packages/requests/api.py", line 73, in get
    return request("get", url, params=params, **kwargs)
           ^^^^^^^^^^^^^^^^^^^^^^^^^^^^^^^^^^^^^^^^^^^^
  File "/home/airflow/.local/lib/python3.11/site-packages/requests/api.py", line 59, in request
    return session.request(method=method, url=url, **kwargs)
           ^^^^^^^^^^^^^^^^^^^^^^^^^^^^^^^^^^^^^^^^^^^^^^^^^
  File "/home/airflow/.local/lib/python3.11/site-packages/requests/sessions.py", line 589, in request
    resp = self.send(prep, **send_kwargs)
           ^^^^^^^^^^^^^^^^^^^^^^^^^^^^^^
  File "/home/airflow/.local/lib/python3.11/site-packages/requests/sessions.py", line 703, in send
    r = adapter.send(request, **kwargs)
        ^^^^^^^^^^^^^^^^^^^^^^^^^^^^^^^
  File "/home/airflow/.local/lib/python3.11/site-packages/requests/adapters.py", line 700, in send
    raise ConnectionError(e, request=request)
requests.exceptions.ConnectionError: HTTPSConnectionPool(host='api.frankfurter-invalide-test.dev', port=443): Max retries exceeded with url: /v1/2026-07-07?base=EUR&symbols=USD (Caused by NameResolutionError("<urllib3.connection.HTTPSConnection object at 0xffff8d8454d0>: Failed to resolve 'api.frankfurter-invalide-test.dev' ([Errno -2] Name or service not known)"))

The above exception was the direct cause of the following exception:

Traceback (most recent call last):
  File "/opt/airflow/dags/dag_taux_change.py", line 41, in extract
    key = extract_and_store(devise, run_date)
          ^^^^^^^^^^^^^^^^^^^^^^^^^^^^^^^^^^^
  File "/opt/airflow/scripts/extract/extract_frankfurter.py", line 48, in extract_and_store
    raise ExtractionError(f"Échec extraction {devise} pour {execution_date}: {exc}") from exc
scripts.extract.extract_frankfurter.ExtractionError: Échec extraction USD pour 2026-07-07: HTTPSConnectionPool(host='api.frankfurter-invalide-test.dev', port=443): Max retries exceeded with url: /v1/2026-07-07?base=EUR&symbols=USD (Caused by NameResolutionError("<urllib3.connection.HTTPSConnection object at 0xffff8d8454d0>: Failed to resolve 'api.frankfurter-invalide-test.dev' ([Errno -2] Name or service not known)"))

The above exception was the direct cause of the following exception:

Traceback (most recent call last):
  File "/home/airflow/.local/lib/python3.11/site-packages/airflow/models/taskinstance.py", line 460, in _execute_task
    result = _execute_callable(context=context, **execute_callable_kwargs)
             ^^^^^^^^^^^^^^^^^^^^^^^^^^^^^^^^^^^^^^^^^^^^^^^^^^^^^^^^^^^^^
  File "/home/airflow/.local/lib/python3.11/site-packages/airflow/models/taskinstance.py", line 432, in _execute_callable
    return execute_callable(context=context, **execute_callable_kwargs)
           ^^^^^^^^^^^^^^^^^^^^^^^^^^^^^^^^^^^^^^^^^^^^^^^^^^^^^^^^^^^^
  File "/home/airflow/.local/lib/python3.11/site-packages/airflow/models/baseoperator.py", line 401, in wrapper
    return func(self, *args, **kwargs)
           ^^^^^^^^^^^^^^^^^^^^^^^^^^^
  File "/home/airflow/.local/lib/python3.11/site-packages/airflow/decorators/base.py", line 265, in execute
    return_value = super().execute(context)
                   ^^^^^^^^^^^^^^^^^^^^^^^^
  File "/home/airflow/.local/lib/python3.11/site-packages/airflow/models/baseoperator.py", line 401, in wrapper
    return func(self, *args, **kwargs)
           ^^^^^^^^^^^^^^^^^^^^^^^^^^^
  File "/home/airflow/.local/lib/python3.11/site-packages/airflow/operators/python.py", line 235, in execute
    return_value = self.execute_callable()
                   ^^^^^^^^^^^^^^^^^^^^^^^
  File "/home/airflow/.local/lib/python3.11/site-packages/airflow/operators/python.py", line 252, in execute_callable
    return self.python_callable(*self.op_args, **self.op_kwargs)
           ^^^^^^^^^^^^^^^^^^^^^^^^^^^^^^^^^^^^^^^^^^^^^^^^^^^^^
  File "/opt/airflow/dags/dag_taux_change.py", line 48, in extract
    raise AirflowException(str(exc)) from exc
airflow.exceptions.AirflowException: Échec extraction USD pour 2026-07-07: HTTPSConnectionPool(host='api.frankfurter-invalide-test.dev', port=443): Max retries exceeded with url: /v1/2026-07-07?base=EUR&symbols=USD (Caused by NameResolutionError("<urllib3.connection.HTTPSConnection object at 0xffff8d8454d0>: Failed to resolve 'api.frankfurter-invalide-test.dev' ([Errno -2] Name or service not known)"))
[2026-07-07T10:58:14.947+0000] {taskinstance.py:1206} INFO - Marking task as FAILED. dag_id=taux_change_frankfurter, task_id=extract, run_id=manual__2026-07-07T10:52:09.494880+00:00, map_index=0, execution_date=20260707T105209, start_date=20260707T105814, end_date=20260707T105814
[2026-07-07T10:58:14.952+0000] {standard_task_runner.py:110} ERROR - Failed to execute job 196 for task extract (Échec extraction USD pour 2026-07-07: HTTPSConnectionPool(host='api.frankfurter-invalide-test.dev', port=443): Max retries exceeded with url: /v1/2026-07-07?base=EUR&symbols=USD (Caused by NameResolutionError("<urllib3.connection.HTTPSConnection object at 0xffff8d8454d0>: Failed to resolve 'api.frankfurter-invalide-test.dev' ([Errno -2] Name or service not known)")); 1121)
[2026-07-07T10:58:14.990+0000] {local_task_job_runner.py:243} INFO - Task exited with return code 1
[2026-07-07T10:58:15.012+0000] {taskinstance.py:3503} INFO - 0 downstream tasks scheduled from follow-on schedule check
[2026-07-07T10:58:15.015+0000] {local_task_job_runner.py:222} INFO - ::endgroup::
