[2026-07-07T10:12:18.904+0000] {local_task_job_runner.py:120} INFO - ::group::Pre task execution logs
[2026-07-07T10:12:18.934+0000] {taskinstance.py:2076} INFO - Dependencies all met for dep_context=non-requeueable deps ti=<TaskInstance: taux_change_frankfurter.load_to_gold manual__2026-07-07T10:12:16.099982+00:00 map_index=1 [queued]>
[2026-07-07T10:12:18.940+0000] {taskinstance.py:2076} INFO - Dependencies all met for dep_context=requeueable deps ti=<TaskInstance: taux_change_frankfurter.load_to_gold manual__2026-07-07T10:12:16.099982+00:00 map_index=1 [queued]>
[2026-07-07T10:12:18.941+0000] {taskinstance.py:2306} INFO - Starting attempt 1 of 4
[2026-07-07T10:12:18.953+0000] {taskinstance.py:2330} INFO - Executing <Mapped(_PythonDecoratedOperator): load_to_gold> on 2026-07-07 10:12:16.099982+00:00
[2026-07-07T10:12:18.961+0000] {standard_task_runner.py:64} INFO - Started process 393 to run task
[2026-07-07T10:12:18.964+0000] {standard_task_runner.py:90} INFO - Running: ['***', 'tasks', 'run', 'taux_change_frankfurter', 'load_to_gold', 'manual__2026-07-07T10:12:16.099982+00:00', '--job-id', '58', '--raw', '--subdir', 'DAGS_FOLDER/dag_taux_change.py', '--cfg-path', '/tmp/tmpxas7dhz6', '--map-index', '1']
[2026-07-07T10:12:18.965+0000] {standard_task_runner.py:91} INFO - Job 58: Subtask load_to_gold
[2026-07-07T10:12:19.011+0000] {task_command.py:426} INFO - Running <TaskInstance: taux_change_frankfurter.load_to_gold manual__2026-07-07T10:12:16.099982+00:00 map_index=1 [running]> on host 1b4c2f832a13
[2026-07-07T10:12:19.310+0000] {taskinstance.py:2648} INFO - Exporting env vars: AIRFLOW_CTX_DAG_OWNER='assia' AIRFLOW_CTX_DAG_ID='taux_change_frankfurter' AIRFLOW_CTX_TASK_ID='load_to_gold' AIRFLOW_CTX_EXECUTION_DATE='2026-07-07T10:12:16.099982+00:00' AIRFLOW_CTX_TRY_NUMBER='1' AIRFLOW_CTX_DAG_RUN_ID='manual__2026-07-07T10:12:16.099982+00:00'
[2026-07-07T10:12:19.311+0000] {taskinstance.py:430} INFO - ::endgroup::
[2026-07-07T10:12:19.459+0000] {taskinstance.py:441} INFO - ::group::Post task execution logs
[2026-07-07T10:12:19.460+0000] {taskinstance.py:2905} ERROR - Task failed with exception
Traceback (most recent call last):
  File "/home/airflow/.local/lib/python3.11/site-packages/airflow/models/taskinstance.py", line 460, in _execute_task
    result = _execute_callable(context=context, **execute_callable_kwargs)
             ^^^^^^^^^^^^^^^^^^^^^^^^^^^^^^^^^^^^^^^^^^^^^^^^^^^^^^^^^^^^^
  File "/home/airflow/.local/lib/python3.11/site-packages/airflow/models/taskinstance.py", line 432, in _execute_callable
    return execute_callable(context=context, **execute_callable_kwargs)
           ^^^^^^^^^^^^^^^^^^^^^^^^^^^^^^^^^^^^^^^^^^^^^^^^^^^^^^^^^^^^
  File "/home/airflow/.local/lib/python3.11/site-packages/airflow/models/baseoperator.py", line 401, in wrapper
    return func(self, *args, **kwargs)
           ^^^^^^^^^^^^^^^^^^^^^^^^^^^
  File "/home/airflow/.local/lib/python3.11/site-packages/airflow/decorators/base.py", line 265, in execute
    return_value = super().execute(context)
                   ^^^^^^^^^^^^^^^^^^^^^^^^
  File "/home/airflow/.local/lib/python3.11/site-packages/airflow/models/baseoperator.py", line 401, in wrapper
    return func(self, *args, **kwargs)
           ^^^^^^^^^^^^^^^^^^^^^^^^^^^
  File "/home/airflow/.local/lib/python3.11/site-packages/airflow/operators/python.py", line 235, in execute
    return_value = self.execute_callable()
                   ^^^^^^^^^^^^^^^^^^^^^^^
  File "/home/airflow/.local/lib/python3.11/site-packages/airflow/operators/python.py", line 252, in execute_callable
    return self.python_callable(*self.op_args, **self.op_kwargs)
           ^^^^^^^^^^^^^^^^^^^^^^^^^^^^^^^^^^^^^^^^^^^^^^^^^^^^^
  File "/opt/airflow/dags/dag_taux_change.py", line 64, in load_to_gold
    load(resultat["devise"], run_date)
  File "/opt/airflow/scripts/load/load_gold.py", line 54, in load
    id_date = _upsert_dim_date(conn, execution_date)
              ^^^^^^^^^^^^^^^^^^^^^^^^^^^^^^^^^^^^^^
  File "/opt/airflow/scripts/load/load_gold.py", line 16, in _upsert_dim_date
    cur.execute(
psycopg2.errors.UniqueViolation: duplicate key value violates unique constraint "dim_date_date_complete_key"
DETAIL:  Key (date_complete)=(2026-07-07) already exists.

[2026-07-07T10:12:19.471+0000] {taskinstance.py:1206} INFO - Marking task as UP_FOR_RETRY. dag_id=taux_change_frankfurter, task_id=load_to_gold, run_id=manual__2026-07-07T10:12:16.099982+00:00, map_index=1, execution_date=20260707T101216, start_date=20260707T101218, end_date=20260707T101219
[2026-07-07T10:12:19.483+0000] {standard_task_runner.py:110} ERROR - Failed to execute job 58 for task load_to_gold (duplicate key value violates unique constraint "dim_date_date_complete_key"
DETAIL:  Key (date_complete)=(2026-07-07) already exists.
; 393)
[2026-07-07T10:12:19.513+0000] {local_task_job_runner.py:243} INFO - Task exited with return code 1
[2026-07-07T10:12:19.524+0000] {taskinstance.py:3503} INFO - 0 downstream tasks scheduled from follow-on schedule check
[2026-07-07T10:12:19.526+0000] {local_task_job_runner.py:222} INFO - ::endgroup::
