[2026-07-07T10:01:40.391+0000] {local_task_job_runner.py:120} INFO - ::group::Pre task execution logs
[2026-07-07T10:01:40.417+0000] {taskinstance.py:2076} INFO - Dependencies all met for dep_context=non-requeueable deps ti=<TaskInstance: taux_change_frankfurter.extract manual__2026-07-07T09:55:35.686200+00:00 map_index=1 [queued]>
[2026-07-07T10:01:40.421+0000] {taskinstance.py:2076} INFO - Dependencies all met for dep_context=requeueable deps ti=<TaskInstance: taux_change_frankfurter.extract manual__2026-07-07T09:55:35.686200+00:00 map_index=1 [queued]>
[2026-07-07T10:01:40.423+0000] {taskinstance.py:2306} INFO - Starting attempt 4 of 4
[2026-07-07T10:01:40.428+0000] {taskinstance.py:2330} INFO - Executing <Mapped(_PythonDecoratedOperator): extract> on 2026-07-07 09:55:35.686200+00:00
[2026-07-07T10:01:40.432+0000] {standard_task_runner.py:64} INFO - Started process 264 to run task
[2026-07-07T10:01:40.439+0000] {standard_task_runner.py:90} INFO - Running: ['***', 'tasks', 'run', 'taux_change_frankfurter', 'extract', 'manual__2026-07-07T09:55:35.686200+00:00', '--job-id', '48', '--raw', '--subdir', 'DAGS_FOLDER/dag_taux_change.py', '--cfg-path', '/tmp/tmpnprzcm66', '--map-index', '1']
[2026-07-07T10:01:40.440+0000] {standard_task_runner.py:91} INFO - Job 48: Subtask extract
[2026-07-07T10:01:40.475+0000] {task_command.py:426} INFO - Running <TaskInstance: taux_change_frankfurter.extract manual__2026-07-07T09:55:35.686200+00:00 map_index=1 [running]> on host 1b4c2f832a13
[2026-07-07T10:01:40.701+0000] {taskinstance.py:2648} INFO - Exporting env vars: AIRFLOW_CTX_DAG_OWNER='assia' AIRFLOW_CTX_DAG_ID='taux_change_frankfurter' AIRFLOW_CTX_TASK_ID='extract' AIRFLOW_CTX_EXECUTION_DATE='2026-07-07T09:55:35.686200+00:00' AIRFLOW_CTX_TRY_NUMBER='4' AIRFLOW_CTX_DAG_RUN_ID='manual__2026-07-07T09:55:35.686200+00:00'
[2026-07-07T10:01:40.703+0000] {taskinstance.py:430} INFO - ::endgroup::
[2026-07-07T10:01:43.238+0000] {logging_mixin.py:188} INFO - [extract] devise=GBP date={{ ds }} duree_ms=2410
[2026-07-07T10:01:43.241+0000] {taskinstance.py:441} INFO - ::group::Post task execution logs
[2026-07-07T10:01:43.242+0000] {taskinstance.py:2905} ERROR - Task failed with exception
Traceback (most recent call last):
  File "/opt/airflow/scripts/extract/extract_frankfurter.py", line 38, in extract_and_store
    payload = fetch_rate(devise, execution_date)
              ^^^^^^^^^^^^^^^^^^^^^^^^^^^^^^^^^^
  File "/opt/airflow/scripts/extract/extract_frankfurter.py", line 29, in fetch_rate
    resp.raise_for_status()
  File "/home/airflow/.local/lib/python3.11/site-packages/requests/models.py", line 1024, in raise_for_status
    raise HTTPError(http_error_msg, response=self)
requests.exceptions.HTTPError: 404 Client Error: Not Found for url: https://api.frankfurter.dev/v1/%7B%7B%20ds%20%7D%7D?base=EUR&symbols=GBP

The above exception was the direct cause of the following exception:

Traceback (most recent call last):
  File "/opt/airflow/dags/dag_taux_change.py", line 41, in extract
    key = extract_and_store(devise, run_date)
          ^^^^^^^^^^^^^^^^^^^^^^^^^^^^^^^^^^^
  File "/opt/airflow/scripts/extract/extract_frankfurter.py", line 48, in extract_and_store
    raise ExtractionError(f"Échec extraction {devise} pour {execution_date}: {exc}") from exc
scripts.extract.extract_frankfurter.ExtractionError: Échec extraction GBP pour {{ ds }}: 404 Client Error: Not Found for url: https://api.frankfurter.dev/v1/%7B%7B%20ds%20%7D%7D?base=EUR&symbols=GBP

During handling of the above exception, another exception occurred:

Traceback (most recent call last):
  File "/home/airflow/.local/lib/python3.11/site-packages/airflow/models/taskinstance.py", line 460, in _execute_task
    result = _execute_callable(context=context, **execute_callable_kwargs)
             ^^^^^^^^^^^^^^^^^^^^^^^^^^^^^^^^^^^^^^^^^^^^^^^^^^^^^^^^^^^^^
  File "/home/airflow/.local/lib/python3.11/site-packages/airflow/models/taskinstance.py", line 432, in _execute_callable
    return execute_callable(context=context, **execute_callable_kwargs)
           ^^^^^^^^^^^^^^^^^^^^^^^^^^^^^^^^^^^^^^^^^^^^^^^^^^^^^^^^^^^^
  File "/home/airflow/.local/lib/python3.11/site-packages/airflow/models/baseoperator.py", line 401, in wrapper
    return func(self, *args, **kwargs)
           ^^^^^^^^^^^^^^^^^^^^^^^^^^^
  File "/home/airflow/.local/lib/python3.11/site-packages/airflow/decorators/base.py", line 265, in execute
    return_value = super().execute(context)
                   ^^^^^^^^^^^^^^^^^^^^^^^^
  File "/home/airflow/.local/lib/python3.11/site-packages/airflow/models/baseoperator.py", line 401, in wrapper
    return func(self, *args, **kwargs)
           ^^^^^^^^^^^^^^^^^^^^^^^^^^^
  File "/home/airflow/.local/lib/python3.11/site-packages/airflow/operators/python.py", line 235, in execute
    return_value = self.execute_callable()
                   ^^^^^^^^^^^^^^^^^^^^^^^
  File "/home/airflow/.local/lib/python3.11/site-packages/airflow/operators/python.py", line 252, in execute_callable
    return self.python_callable(*self.op_args, **self.op_kwargs)
           ^^^^^^^^^^^^^^^^^^^^^^^^^^^^^^^^^^^^^^^^^^^^^^^^^^^^^
  File "/opt/airflow/dags/dag_taux_change.py", line 45, in extract
    db.log_technique(conn, run_date, devise, "extraction", "echec", str(exc))
  File "/opt/airflow/scripts/common/db.py", line 19, in log_technique
    cur.execute(
psycopg2.errors.InvalidDatetimeFormat: invalid input syntax for type date: "{{ ds }}"
LINE 2:                VALUES ('{{ ds }}', 'GBP', 'extraction', 'ech...
                               ^

[2026-07-07T10:01:43.262+0000] {taskinstance.py:1206} INFO - Marking task as FAILED. dag_id=taux_change_frankfurter, task_id=extract, run_id=manual__2026-07-07T09:55:35.686200+00:00, map_index=1, execution_date=20260707T095535, start_date=20260707T100140, end_date=20260707T100143
[2026-07-07T10:01:43.269+0000] {standard_task_runner.py:110} ERROR - Failed to execute job 48 for task extract (invalid input syntax for type date: "{{ ds }}"
LINE 2:                VALUES ('{{ ds }}', 'GBP', 'extraction', 'ech...
                               ^
; 264)
[2026-07-07T10:01:43.310+0000] {local_task_job_runner.py:243} INFO - Task exited with return code 1
[2026-07-07T10:01:43.371+0000] {taskinstance.py:3503} INFO - 0 downstream tasks scheduled from follow-on schedule check
[2026-07-07T10:01:43.375+0000] {local_task_job_runner.py:222} INFO - ::endgroup::
